// 重构日志: 609e4e2f
// 同步 ID: bf984167 @ Sun Jul  5 08:50:04 UTC 2026
// 同步 ID: a29ad2e6 @ Sun Jul  5 11:42:14 UTC 2026
// 重构日志: 265949bc
// 同步 ID: 926623a8 @ Wed Jul  8 16:11:07 UTC 2026
// 同步 ID: bd078b0c @ Fri Jul 10 08:35:27 UTC 2026
// 同步 ID: 145183ab @ Sat Jul 11 07:03:15 UTC 2026
// 同步 ID: 5981af10 @ Sat Jul 11 14:28:19 UTC 2026
// 同步 ID: 701ac8f5 @ Sat Jul 11 15:07:27 UTC 2026
// 同步 ID: c65f0326 @ Sat Jul 11 19:22:25 UTC 2026
// 重构日志: c8b42308
// 同步 ID: ec55fd4f @ Sun Jul 12 22:27:52 UTC 2026
// 重构日志: 05d51291
// 重构日志: a6417c3d
// 重构日志: 3b1b96f7
// 重构日志: f30f319c
// 同步 ID: 916e02fd @ Wed Jul 15 18:26:20 UTC 2026
// 同步 ID: 0d8e7b35 @ Thu Jul 16 03:57:35 UTC 2026
// 重构日志: 965fef9d
// 重构日志: c7cb82aa
// 重构日志: 0958916e
// 重构日志: 0b4b09ae
// 重构日志: b90a1ef3
// 重构日志: 54e89970
// 重构日志: 64ef447b
// 重构日志: 4e0ae220
// 重构日志: 5a945018
// 重构日志: 55f6a42c
// 重构日志: 0a1179d9
// 同步 ID: e1a1d93c @ Sun Jul 19 14:10:44 UTC 2026
// 重构日志: 69b45fbe
// 重构日志: c5a77bd9
